[2023-10-02 17:31:49] [33minfo[39m Server running on port 8081
[2023-10-02 17:31:49] [33minfo[39m DB Connected
[2023-10-02 17:32:42] [33minfo[39m Server running on port 8081
[2023-10-02 17:32:42] [33minfo[39m DB Connected
[2023-10-02 17:35:30] [33minfo[39m Server running on port 8081
[2023-10-02 17:35:30] [33minfo[39m DB Connected
[2023-10-02 17:39:37] [33minfo[39m Server running on port 8081
[2023-10-02 17:39:37] [33minfo[39m DB Connected
[2023-10-02 17:39:40] [33minfo[39m Server running on port 8081
[2023-10-02 17:39:40] [33minfo[39m DB Connected
[2023-10-02 17:39:43] [33minfo[39m Server running on port 8081
[2023-10-02 17:39:43] [33minfo[39m DB Connected
[2023-10-02 17:39:44] [33minfo[39m Server running on port 8081
[2023-10-02 17:39:44] [33minfo[39m DB Connected
[2023-10-02 17:49:09] [33minfo[39m Server running on port 8081
[2023-10-02 17:49:09] [33minfo[39m DB Connected
[2023-10-02 17:49:26] [33minfo[39m Server running on port 8081
[2023-10-02 17:49:26] [33minfo[39m DB Connected
[2023-10-02 17:49:35] [33minfo[39m Server running on port 8081
[2023-10-02 17:49:35] [33minfo[39m DB Connected
[2023-10-02 17:49:42] [33minfo[39m Server running on port 8081
[2023-10-02 17:49:42] [33minfo[39m DB Connected
[2023-10-02 17:49:43] [33minfo[39m Server running on port 8081
[2023-10-02 17:49:43] [33minfo[39m DB Connected
[2023-10-02 17:49:45] [33minfo[39m Server running on port 8081
[2023-10-02 17:49:45] [33minfo[39m DB Connected
[2023-10-02 17:49:47] [33minfo[39m Server running on port 8081
[2023-10-02 17:49:48] [33minfo[39m DB Connected
[2023-10-02 17:49:49] [31merror[39m uncaughtException: missing ) after argument list
C:\Users\soosa\OneDrive\Escritorio\Estacionamiento\src\controllers\vehicle.js:19
    return res.send({ message: "Sucess", vehicles };)
                                                  ^

SyntaxError: missing ) after argument list
    at internalCompileFunction (node:internal/vm:73:18)
    at wrapSafe (node:internal/modules/cjs/loader:1178:20)
    at Module._compile (node:internal/modules/cjs/loader:1220:27)
    at Module._extensions..js (node:internal/modules/cjs/loader:1310:10)
    at Module.load (node:internal/modules/cjs/loader:1119:32)
    at Module._load (node:internal/modules/cjs/loader:960:12)
    at Module.require (node:internal/modules/cjs/loader:1143:19)
    at require (node:internal/modules/cjs/helpers:119:18)
    at Object.<anonymous> (C:\Users\soosa\OneDrive\Escritorio\Estacionamiento\src\routes\vehicle.js:3:20)
    at Module._compile (node:internal/modules/cjs/loader:1256:14)
[2023-10-02 17:49:51] [33minfo[39m Server running on port 8081
[2023-10-02 17:49:51] [33minfo[39m DB Connected
[2023-10-02 17:50:02] [33minfo[39m Server running on port 8081
[2023-10-02 17:50:02] [33minfo[39m DB Connected
[2023-10-02 17:50:04] [33minfo[39m Server running on port 8081
[2023-10-02 17:50:04] [33minfo[39m DB Connected
[2023-10-02 17:50:06] [33minfo[39m Server running on port 8081
[2023-10-02 17:50:06] [33minfo[39m DB Connected
[2023-10-02 17:50:10] [33minfo[39m Server running on port 8081
[2023-10-02 17:50:10] [33minfo[39m DB Connected
[2023-10-02 17:50:33] [33minfo[39m Server running on port 8081
[2023-10-02 17:50:33] [33minfo[39m DB Connected
[2023-10-02 17:50:34] [33minfo[39m Server running on port 8081
[2023-10-02 17:50:34] [33minfo[39m DB Connected
[2023-10-02 17:57:23] [33minfo[39m Server running on port 8081
[2023-10-02 17:57:23] [33minfo[39m DB Connected
[2023-10-02 17:57:28] [31merror[39m uncaughtException: user is not associated to vehicle!
SequelizeEagerLoadingError: user is not associated to vehicle!
    at vehicle._getIncludedAssociation (C:\Users\soosa\OneDrive\Escritorio\Estacionamiento\node_modules\sequelize\lib\model.js:565:13)
    at vehicle._validateIncludedElement (C:\Users\soosa\OneDrive\Escritorio\Estacionamiento\node_modules\sequelize\lib\model.js:502:53)
    at C:\Users\soosa\OneDrive\Escritorio\Estacionamiento\node_modules\sequelize\lib\model.js:421:37
    at Array.map (<anonymous>)
    at vehicle._validateIncludedElements (C:\Users\soosa\OneDrive\Escritorio\Estacionamiento\node_modules\sequelize\lib\model.js:417:39)
    at vehicle.findAll (C:\Users\soosa\OneDrive\Escritorio\Estacionamiento\node_modules\sequelize\lib\model.js:1124:12)
    at async RepositoryVehicle.findAll (C:\Users\soosa\OneDrive\Escritorio\Estacionamiento\src\repository\vehicle.repository.js:24:16)
    at async ServiceVehicle.allVehicles (C:\Users\soosa\OneDrive\Escritorio\Estacionamiento\src\services\vehicle.service.js:8:16)
    at async getAllVehicle (C:\Users\soosa\OneDrive\Escritorio\Estacionamiento\src\controllers\vehicle.js:18:22)
[2023-10-02 17:58:15] [33minfo[39m Server running on port 8081
[2023-10-02 17:58:15] [33minfo[39m DB Connected
[2023-10-02 17:58:17] [31merror[39m uncaughtException: Cannot read properties of undefined (reading 'getTableName')
TypeError: Cannot read properties of undefined (reading 'getTableName')
    at PostgresQueryGenerator.generateThroughJoin (C:\Users\soosa\OneDrive\Escritorio\Estacionamiento\node_modules\sequelize\lib\dialects\abstract\query-generator.js:1376:40)
    at PostgresQueryGenerator.generateInclude (C:\Users\soosa\OneDrive\Escritorio\Estacionamiento\node_modules\sequelize\lib\dialects\abstract\query-generator.js:1188:24)
    at PostgresQueryGenerator.selectQuery (C:\Users\soosa\OneDrive\Escritorio\Estacionamiento\node_modules\sequelize\lib\dialects\abstract\query-generator.js:888:34)
    at PostgresQueryInterface.select (C:\Users\soosa\OneDrive\Escritorio\Estacionamiento\node_modules\sequelize\lib\dialects\abstract\query-interface.js:407:59)
    at vehicle.findAll (C:\Users\soosa\OneDrive\Escritorio\Estacionamiento\node_modules\sequelize\lib\model.js:1140:47)
    at async RepositoryVehicle.findAll (C:\Users\soosa\OneDrive\Escritorio\Estacionamiento\src\repository\vehicle.repository.js:24:16)
    at async ServiceVehicle.allVehicles (C:\Users\soosa\OneDrive\Escritorio\Estacionamiento\src\services\vehicle.service.js:8:16)
    at async getAllVehicle (C:\Users\soosa\OneDrive\Escritorio\Estacionamiento\src\controllers\vehicle.js:18:22)
[2023-10-02 17:58:33] [33minfo[39m Server running on port 8081
[2023-10-02 17:58:33] [33minfo[39m DB Connected
[2023-10-02 17:58:35] [31merror[39m uncaughtException: vehicle_type is associated to vehicle using an alias. You must use the 'as' keyword to specify the alias within your include statement.
SequelizeEagerLoadingError: vehicle_type is associated to vehicle using an alias. You must use the 'as' keyword to specify the alias within your include statement.
    at vehicle._getIncludedAssociation (C:\Users\soosa\OneDrive\Escritorio\Estacionamiento\node_modules\sequelize\lib\model.js:576:13)
    at vehicle._validateIncludedElement (C:\Users\soosa\OneDrive\Escritorio\Estacionamiento\node_modules\sequelize\lib\model.js:502:53)
    at C:\Users\soosa\OneDrive\Escritorio\Estacionamiento\node_modules\sequelize\lib\model.js:421:37
    at Array.map (<anonymous>)
    at vehicle._validateIncludedElements (C:\Users\soosa\OneDrive\Escritorio\Estacionamiento\node_modules\sequelize\lib\model.js:417:39)
    at vehicle.findAll (C:\Users\soosa\OneDrive\Escritorio\Estacionamiento\node_modules\sequelize\lib\model.js:1124:12)
    at async RepositoryVehicle.findAll (C:\Users\soosa\OneDrive\Escritorio\Estacionamiento\src\repository\vehicle.repository.js:24:16)
    at async ServiceVehicle.allVehicles (C:\Users\soosa\OneDrive\Escritorio\Estacionamiento\src\services\vehicle.service.js:8:16)
    at async getAllVehicle (C:\Users\soosa\OneDrive\Escritorio\Estacionamiento\src\controllers\vehicle.js:18:22)
[2023-10-02 17:58:51] [33minfo[39m Server running on port 8081
[2023-10-02 17:58:51] [33minfo[39m DB Connected
[2023-10-02 17:58:55] [33minfo[39m Server running on port 8081
[2023-10-02 17:58:55] [33minfo[39m DB Connected
[2023-10-02 17:59:15] [33minfo[39m Server running on port 8081
[2023-10-02 17:59:15] [33minfo[39m DB Connected
[2023-10-02 17:59:17] [33minfo[39m Server running on port 8081
[2023-10-02 17:59:17] [33minfo[39m DB Connected
[2023-10-02 17:59:19] [33minfo[39m Server running on port 8081
[2023-10-02 17:59:19] [33minfo[39m DB Connected
[2023-10-02 17:59:23] [33minfo[39m Server running on port 8081
[2023-10-02 17:59:23] [33minfo[39m DB Connected
[2023-10-02 17:59:48] [33minfo[39m Server running on port 8081
[2023-10-02 17:59:48] [33minfo[39m DB Connected
[2023-10-02 18:00:24] [33minfo[39m Server running on port 8081
[2023-10-02 18:00:24] [33minfo[39m DB Connected
[2023-10-02 18:00:25] [33minfo[39m Server running on port 8081
[2023-10-02 18:00:25] [33minfo[39m DB Connected
[2023-10-02 18:00:26] [31merror[39m uncaughtException: user is not associated to vehicle!
SequelizeEagerLoadingError: user is not associated to vehicle!
    at vehicle._getIncludedAssociation (C:\Users\soosa\OneDrive\Escritorio\Estacionamiento\node_modules\sequelize\lib\model.js:565:13)
    at vehicle._validateIncludedElement (C:\Users\soosa\OneDrive\Escritorio\Estacionamiento\node_modules\sequelize\lib\model.js:502:53)
    at C:\Users\soosa\OneDrive\Escritorio\Estacionamiento\node_modules\sequelize\lib\model.js:421:37
    at Array.map (<anonymous>)
    at vehicle._validateIncludedElements (C:\Users\soosa\OneDrive\Escritorio\Estacionamiento\node_modules\sequelize\lib\model.js:417:39)
    at vehicle.findAll (C:\Users\soosa\OneDrive\Escritorio\Estacionamiento\node_modules\sequelize\lib\model.js:1124:12)
    at async RepositoryVehicle.findAll (C:\Users\soosa\OneDrive\Escritorio\Estacionamiento\src\repository\vehicle.repository.js:24:16)
    at async ServiceVehicle.allVehicles (C:\Users\soosa\OneDrive\Escritorio\Estacionamiento\src\services\vehicle.service.js:8:16)
    at async getAllVehicle (C:\Users\soosa\OneDrive\Escritorio\Estacionamiento\src\controllers\vehicle.js:18:22)
[2023-10-02 18:01:01] [33minfo[39m Server running on port 8081
[2023-10-02 18:01:01] [33minfo[39m DB Connected
[2023-10-02 18:03:05] [33minfo[39m Server running on port 8081
[2023-10-02 18:03:05] [33minfo[39m DB Connected
[2023-10-02 18:04:57] [33minfo[39m Server running on port 8081
[2023-10-02 18:04:57] [33minfo[39m DB Connected
[2023-10-02 18:06:06] [33minfo[39m Server running on port 8081
[2023-10-02 18:06:06] [33minfo[39m DB Connected
[2023-10-02 18:06:29] [33minfo[39m Server running on port 8081
[2023-10-02 18:06:29] [33minfo[39m DB Connected
[2023-10-02 18:06:35] [33minfo[39m Server running on port 8081
[2023-10-02 18:06:35] [33minfo[39m DB Connected
[2023-10-02 18:06:39] [33minfo[39m Server running on port 8081
[2023-10-02 18:06:39] [33minfo[39m DB Connected
[2023-10-02 18:06:44] [31merror[39m uncaughtException: missing ) after argument list
C:\Users\soosa\OneDrive\Escritorio\Estacionamiento\src\repository\vehicle.repository.js:27
            include: [
            ^^^^^^^

SyntaxError: missing ) after argument list
    at internalCompileFunction (node:internal/vm:73:18)
    at wrapSafe (node:internal/modules/cjs/loader:1178:20)
    at Module._compile (node:internal/modules/cjs/loader:1220:27)
    at Module._extensions..js (node:internal/modules/cjs/loader:1310:10)
    at Module.load (node:internal/modules/cjs/loader:1119:32)
    at Module._load (node:internal/modules/cjs/loader:960:12)
    at Module.require (node:internal/modules/cjs/loader:1143:19)
    at require (node:internal/modules/cjs/helpers:119:18)
    at Object.<anonymous> (C:\Users\soosa\OneDrive\Escritorio\Estacionamiento\src\services\vehicle.service.js:1:20)
    at Module._compile (node:internal/modules/cjs/loader:1256:14)
[2023-10-02 18:06:46] [33minfo[39m Server running on port 8081
[2023-10-02 18:06:46] [33minfo[39m DB Connected
[2023-10-02 18:06:50] [33minfo[39m Server running on port 8081
[2023-10-02 18:06:50] [33minfo[39m DB Connected
[2023-10-02 18:07:00] [33minfo[39m Server running on port 8081
[2023-10-02 18:07:00] [33minfo[39m DB Connected
[2023-10-02 18:07:02] [31merror[39m uncaughtException: Unexpected string
C:\Users\soosa\OneDrive\Escritorio\Estacionamiento\src\repository\vehicle.repository.js:26
            attributes: ["vehicleId""model","license",],
                                    ^^^^^^^

SyntaxError: Unexpected string
    at internalCompileFunction (node:internal/vm:73:18)
    at wrapSafe (node:internal/modules/cjs/loader:1178:20)
    at Module._compile (node:internal/modules/cjs/loader:1220:27)
    at Module._extensions..js (node:internal/modules/cjs/loader:1310:10)
    at Module.load (node:internal/modules/cjs/loader:1119:32)
    at Module._load (node:internal/modules/cjs/loader:960:12)
    at Module.require (node:internal/modules/cjs/loader:1143:19)
    at require (node:internal/modules/cjs/helpers:119:18)
    at Object.<anonymous> (C:\Users\soosa\OneDrive\Escritorio\Estacionamiento\src\services\vehicle.service.js:1:20)
    at Module._compile (node:internal/modules/cjs/loader:1256:14)
[2023-10-02 18:07:04] [33minfo[39m Server running on port 8081
[2023-10-02 18:07:04] [33minfo[39m DB Connected
[2023-10-02 18:07:06] [33minfo[39m Server running on port 8081
[2023-10-02 18:07:07] [33minfo[39m DB Connected
[2023-10-02 18:07:08] [31merror[39m uncaughtException: Unexpected string
C:\Users\soosa\OneDrive\Escritorio\Estacionamiento\src\repository\vehicle.repository.js:26
            attributes: ["vehicleId","license""model",,],
                                              ^^^^^^^

SyntaxError: Unexpected string
    at internalCompileFunction (node:internal/vm:73:18)
    at wrapSafe (node:internal/modules/cjs/loader:1178:20)
    at Module._compile (node:internal/modules/cjs/loader:1220:27)
    at Module._extensions..js (node:internal/modules/cjs/loader:1310:10)
    at Module.load (node:internal/modules/cjs/loader:1119:32)
    at Module._load (node:internal/modules/cjs/loader:960:12)
    at Module.require (node:internal/modules/cjs/loader:1143:19)
    at require (node:internal/modules/cjs/helpers:119:18)
    at Object.<anonymous> (C:\Users\soosa\OneDrive\Escritorio\Estacionamiento\src\services\vehicle.service.js:1:20)
    at Module._compile (node:internal/modules/cjs/loader:1256:14)
[2023-10-02 18:07:10] [33minfo[39m Server running on port 8081
[2023-10-02 18:07:10] [33minfo[39m DB Connected
[2023-10-02 18:07:12] [33minfo[39m Server running on port 8081
[2023-10-02 18:07:12] [33minfo[39m DB Connected
[2023-10-02 18:07:27] [33minfo[39m Server running on port 8081
[2023-10-02 18:07:27] [33minfo[39m DB Connected
[2023-10-02 18:07:46] [33minfo[39m Server running on port 8081
[2023-10-02 18:07:46] [33minfo[39m DB Connected
[2023-10-02 18:07:50] [33minfo[39m Server running on port 8081
[2023-10-02 18:07:50] [33minfo[39m DB Connected
[2023-10-02 18:20:36] [33minfo[39m Server running on port 8081
[2023-10-02 18:20:36] [33minfo[39m DB Connected
[2023-10-02 18:24:40] [31merror[39m uncaughtException: Missing initializer in const declaration
C:\Users\soosa\OneDrive\Escritorio\Estacionamiento\src\controllers\vehicle.js:36
    const vehicle
          ^^^^^^^

SyntaxError: Missing initializer in const declaration
    at internalCompileFunction (node:internal/vm:73:18)
    at wrapSafe (node:internal/modules/cjs/loader:1178:20)
    at Module._compile (node:internal/modules/cjs/loader:1220:27)
    at Module._extensions..js (node:internal/modules/cjs/loader:1310:10)
    at Module.load (node:internal/modules/cjs/loader:1119:32)
    at Module._load (node:internal/modules/cjs/loader:960:12)
    at Module.require (node:internal/modules/cjs/loader:1143:19)
    at require (node:internal/modules/cjs/helpers:119:18)
    at Object.<anonymous> (C:\Users\soosa\OneDrive\Escritorio\Estacionamiento\src\routes\vehicle.js:4:18)
    at Module._compile (node:internal/modules/cjs/loader:1256:14)
[2023-10-02 18:24:46] [31merror[39m uncaughtException: Unexpected token '}'
C:\Users\soosa\OneDrive\Escritorio\Estacionamiento\src\controllers\vehicle.js:37
};
^

SyntaxError: Unexpected token '}'
    at internalCompileFunction (node:internal/vm:73:18)
    at wrapSafe (node:internal/modules/cjs/loader:1178:20)
    at Module._compile (node:internal/modules/cjs/loader:1220:27)
    at Module._extensions..js (node:internal/modules/cjs/loader:1310:10)
    at Module.load (node:internal/modules/cjs/loader:1119:32)
    at Module._load (node:internal/modules/cjs/loader:960:12)
    at Module.require (node:internal/modules/cjs/loader:1143:19)
    at require (node:internal/modules/cjs/helpers:119:18)
    at Object.<anonymous> (C:\Users\soosa\OneDrive\Escritorio\Estacionamiento\src\routes\vehicle.js:4:18)
    at Module._compile (node:internal/modules/cjs/loader:1256:14)
[2023-10-02 18:24:50] [33minfo[39m Server running on port 8081
[2023-10-02 18:24:50] [33minfo[39m DB Connected
[2023-10-02 18:24:52] [33minfo[39m Server running on port 8081
[2023-10-02 18:24:52] [33minfo[39m DB Connected
[2023-10-02 18:24:57] [33minfo[39m Server running on port 8081
[2023-10-02 18:24:57] [33minfo[39m DB Connected
[2023-10-02 18:24:59] [31merror[39m uncaughtException: Unexpected token ')'
C:\Users\soosa\OneDrive\Escritorio\Estacionamiento\src\controllers\vehicle.js:36
    const vehicle = await vehicleService.findVehicleById(req.);
                                                             ^

SyntaxError: Unexpected token ')'
    at internalCompileFunction (node:internal/vm:73:18)
    at wrapSafe (node:internal/modules/cjs/loader:1178:20)
    at Module._compile (node:internal/modules/cjs/loader:1220:27)
    at Module._extensions..js (node:internal/modules/cjs/loader:1310:10)
    at Module.load (node:internal/modules/cjs/loader:1119:32)
    at Module._load (node:internal/modules/cjs/loader:960:12)
    at Module.require (node:internal/modules/cjs/loader:1143:19)
    at require (node:internal/modules/cjs/helpers:119:18)
    at Object.<anonymous> (C:\Users\soosa\OneDrive\Escritorio\Estacionamiento\src\routes\vehicle.js:4:18)
    at Module._compile (node:internal/modules/cjs/loader:1256:14)
[2023-10-02 18:25:03] [33minfo[39m Server running on port 8081
[2023-10-02 18:25:03] [33minfo[39m DB Connected
[2023-10-02 18:25:34] [33minfo[39m Server running on port 8081
[2023-10-02 18:25:34] [33minfo[39m DB Connected
[2023-10-02 18:25:45] [33minfo[39m Server running on port 8081
[2023-10-02 18:25:45] [33minfo[39m DB Connected
[2023-10-02 18:25:49] [33minfo[39m Server running on port 8081
[2023-10-02 18:25:49] [33minfo[39m DB Connected
[2023-10-02 18:25:51] [33minfo[39m Server running on port 8081
[2023-10-02 18:25:51] [33minfo[39m DB Connected
[2023-10-02 18:25:56] [33minfo[39m Server running on port 8081
[2023-10-02 18:25:56] [33minfo[39m DB Connected
[2023-10-02 18:27:31] [33minfo[39m Server running on port 8081
[2023-10-02 18:27:31] [33minfo[39m DB Connected
[2023-10-02 18:29:11] [33minfo[39m Server running on port 8081
[2023-10-02 18:29:11] [33minfo[39m DB Connected
[2023-10-02 18:30:47] [31merror[39m uncaughtException: Missing initializer in const declaration
C:\Users\soosa\OneDrive\Escritorio\Estacionamiento\src\controllers\vehicle.js:28
    const vehicle
          ^^^^^^^

SyntaxError: Missing initializer in const declaration
    at internalCompileFunction (node:internal/vm:73:18)
    at wrapSafe (node:internal/modules/cjs/loader:1178:20)
    at Module._compile (node:internal/modules/cjs/loader:1220:27)
    at Module._extensions..js (node:internal/modules/cjs/loader:1310:10)
    at Module.load (node:internal/modules/cjs/loader:1119:32)
    at Module._load (node:internal/modules/cjs/loader:960:12)
    at Module.require (node:internal/modules/cjs/loader:1143:19)
    at require (node:internal/modules/cjs/helpers:119:18)
    at Object.<anonymous> (C:\Users\soosa\OneDrive\Escritorio\Estacionamiento\src\routes\vehicle.js:4:18)
    at Module._compile (node:internal/modules/cjs/loader:1256:14)
[2023-10-02 18:30:58] [33minfo[39m Server running on port 8081
[2023-10-02 18:30:58] [33minfo[39m DB Connected
[2023-10-02 18:31:00] [33minfo[39m Server running on port 8081
[2023-10-02 18:31:00] [33minfo[39m DB Connected
[2023-10-02 18:31:02] [33minfo[39m Server running on port 8081
[2023-10-02 18:31:02] [33minfo[39m DB Connected
